<?xml version="1.0" encoding="utf-8"?><testsuites name="pytest tests"><testsuite name="pytest" errors="0" failures="1" skipped="3" tests="70" time="31.216" timestamp="2026-04-21T19:16:59.028283+00:00" hostname="agent-env-8e40df1a-c12d-47ab-9173-d1e8d56beb33"><testcase classname="backend.tests.test_activation.TestActivationSystem" name="test_01_request_activation_code" time="0.793" /><testcase classname="backend.tests.test_activation.TestActivationSystem" name="test_02_check_device_not_activated" time="0.128" /><testcase classname="backend.tests.test_activation.TestActivationSystem" name="test_03_activate_device_invalid_code" time="0.135" /><testcase classname="backend.tests.test_activation.TestActivationSystem" name="test_04_activate_device_valid_code" time="0.000"><skipped type="pytest.skip" message="No activation code available from test_01">/app/backend/tests/test_activation.py:79: No activation code available from test_01</skipped></testcase><testcase classname="backend.tests.test_activation.TestActivationSystem" name="test_05_check_device_activated" time="0.113"><failure message="AssertionError: Device SHOULD be activated now&#10;assert False is True&#10; +  where False = &lt;built-in method get of dict object at 0xfad89a7c1700&gt;('is_activated')&#10; +    where &lt;built-in method get of dict object at 0xfad89a7c1700&gt; = {'is_activated': False}.get">E   AssertionError: Device SHOULD be activated now
    assert False is True
     +  where False = &lt;built-in method get of dict object at 0xfad89a7c1700&gt;('is_activated')
     +    where &lt;built-in method get of dict object at 0xfad89a7c1700&gt; = {'is_activated': False}.get</failure></testcase><testcase classname="backend.tests.test_activation.TestActivationSystem" name="test_06_code_cannot_be_reused" time="0.000"><skipped type="pytest.skip" message="No activation code available from test_01">/app/backend/tests/test_activation.py:115: No activation code available from test_01</skipped></testcase><testcase classname="backend.tests.test_activation.TestActivationSystem" name="test_07_already_activated_device_response" time="0.000"><skipped type="pytest.skip" message="No activation code available">/app/backend/tests/test_activation.py:134: No activation code available</skipped></testcase><testcase classname="backend.tests.test_activation.TestActivationCodeExpiry" name="test_expiry_info_in_message" time="0.807" /><testcase classname="backend.tests.test_activation.TestActivationInputValidation" name="test_empty_email" time="0.111" /><testcase classname="backend.tests.test_activation.TestActivationInputValidation" name="test_empty_device_id_check" time="0.144" /><testcase classname="backend.tests.test_activation.TestActivationInputValidation" name="test_empty_code_activate" time="0.136" /><testcase classname="backend.tests.test_activation.TestActivationEndpointsSecurity" name="test_request_code_no_auth" time="0.758" /><testcase classname="backend.tests.test_activation.TestActivationEndpointsSecurity" name="test_check_no_auth" time="0.128" /><testcase classname="backend.tests.test_activation.TestActivationEndpointsSecurity" name="test_activate_no_auth" time="0.110" /><testcase classname="backend.tests.test_cash_register.TestCashRegisterAPI" name="test_get_current_shift_no_shift" time="0.582" /><testcase classname="backend.tests.test_cash_register.TestCashRegisterAPI" name="test_open_shift" time="0.767" /><testcase classname="backend.tests.test_cash_register.TestCashRegisterAPI" name="test_cannot_open_duplicate_shift" time="0.937" /><testcase classname="backend.tests.test_cash_register.TestCashRegisterAPI" name="test_add_payout_transaction" time="0.818" /><testcase classname="backend.tests.test_cash_register.TestCashRegisterAPI" name="test_add_drop_transaction" time="0.857" /><testcase classname="backend.tests.test_cash_register.TestCashRegisterAPI" name="test_add_refund_transaction" time="0.975" /><testcase classname="backend.tests.test_cash_register.TestCashRegisterAPI" name="test_invalid_transaction_type" time="0.849" /><testcase classname="backend.tests.test_cash_register.TestCashRegisterAPI" name="test_transaction_without_open_shift" time="0.650" /><testcase classname="backend.tests.test_cash_register.TestCashRegisterAPI" name="test_close_shift_with_difference" time="0.860" /><testcase classname="backend.tests.test_cash_register.TestCashRegisterAPI" name="test_close_shift_short" time="0.736" /><testcase classname="backend.tests.test_cash_register.TestCashRegisterAPI" name="test_close_shift_balanced" time="0.769" /><testcase classname="backend.tests.test_cash_register.TestCashRegisterAPI" name="test_close_shift_without_open_shift" time="0.741" /><testcase classname="backend.tests.test_cash_register.TestCashRegisterAPI" name="test_get_shift_history" time="0.630" /><testcase classname="backend.tests.test_cash_register.TestCashRegisterAPI" name="test_current_shift_totals" time="1.280" /><testcase classname="backend.tests.test_cash_register.TestCashRegisterAPI" name="test_unauthorized_access" time="0.646" /><testcase classname="backend.tests.test_p2_features.TestPersonalizedCoupons" name="test_01_create_personalized_coupon_persists_customer" time="0.747" /><testcase classname="backend.tests.test_p2_features.TestPersonalizedCoupons" name="test_02_validate_rejects_without_customer" time="0.161" /><testcase classname="backend.tests.test_p2_features.TestPersonalizedCoupons" name="test_03_validate_rejects_wrong_customer" time="0.117" /><testcase classname="backend.tests.test_p2_features.TestPersonalizedCoupons" name="test_04_validate_accepts_matching_customer" time="0.128" /><testcase classname="backend.tests.test_p2_features.TestPersonalizedCoupons" name="test_05_cleanup" time="0.235" /><testcase classname="backend.tests.test_p2_features.TestAutoSummaryReports" name="test_01_period_range_helper" time="0.747" /><testcase classname="backend.tests.test_p2_features.TestAutoSummaryReports" name="test_02_send_now_requires_recipient" time="0.313" /><testcase classname="backend.tests.test_p2_features.TestAutoSummaryReports" name="test_03_send_now_weekly" time="1.275" /><testcase classname="backend.tests.test_p2_features.TestAutoSummaryReports" name="test_04_send_now_monthly" time="0.941" /><testcase classname="backend.tests.test_p2_features.TestAutoSummaryReports" name="test_05_send_now_invalid_period" time="0.123" /><testcase classname="backend.tests.test_p2_features.TestAutoSummaryReports" name="test_06_settings_persists_auto_summary_flags" time="0.153" /><testcase classname="backend.tests.test_p2_features.TestAutoSummaryReports" name="test_07_cleanup" time="0.133" /><testcase classname="backend.tests.test_refactor_regression.TestAuth" name="test_login_returns_token" time="0.353" /><testcase classname="backend.tests.test_refactor_regression.TestAuth" name="test_login_invalid" time="0.354" /><testcase classname="backend.tests.test_refactor_regression.TestAuth" name="test_me_with_bearer" time="0.477" /><testcase classname="backend.tests.test_refactor_regression.TestAuth" name="test_me_without_bearer_rejected" time="0.123" /><testcase classname="backend.tests.test_refactor_regression.TestCustomers" name="test_crud_cycle" time="0.946" /><testcase classname="backend.tests.test_refactor_regression.TestInventory" name="test_crud_cycle" time="0.596" /><testcase classname="backend.tests.test_refactor_regression.TestRepairs" name="test_list_and_create" time="0.632" /><testcase classname="backend.tests.test_refactor_regression.TestCoupons" name="test_list_and_create_and_delete" time="0.353" /><testcase classname="backend.tests.test_refactor_regression.TestSales" name="test_list" time="0.137" /><testcase classname="backend.tests.test_refactor_regression.TestUsers" name="test_list_users_admin" time="0.141" /><testcase classname="backend.tests.test_refactor_regression.TestSettings" name="test_get_settings" time="0.153" /><testcase classname="backend.tests.test_refactor_regression.TestSettings" name="test_put_html_persistence" time="0.381" /><testcase classname="backend.tests.test_refactor_regression.TestActivation" name="test_check_public_no_auth" time="0.120" /><testcase classname="backend.tests.test_refactor_regression.TestActivation" name="test_check_unknown_device" time="0.183" /><testcase classname="backend.tests.test_refactor_regression.TestActivation" name="test_request_code_public" time="1.387" /><testcase classname="backend.tests.test_refactor_regression.TestActivation" name="test_list_admin" time="0.137" /><testcase classname="backend.tests.test_refactor_regression.TestActivation" name="test_revoke_admin_404_for_unknown" time="0.152" /><testcase classname="backend.tests.test_refactor_regression.TestCashRegister" name="test_full_flow_and_pdf" time="0.815" /><testcase classname="backend.tests.test_refactor_regression.TestReports" name="test_dashboard_stats" time="0.123" /><testcase classname="backend.tests.test_refactor_regression.TestReports" name="test_daily_sales" time="0.123" /><testcase classname="backend.tests.test_refactor_regression.TestReports" name="test_coupon_analytics" time="0.116" /><testcase classname="backend.tests.test_refactor_regression.TestReports" name="test_tax_summary" time="0.139" /><testcase classname="backend.tests.test_refactor_regression.TestReports" name="test_tax_summary_pdf" time="0.150" /><testcase classname="backend.tests.test_refactor_regression.TestLogoUpload" name="test_upload_and_serve" time="0.243" /><testcase classname="backend.tests.test_refactor_regression.TestZZRestore" name="test_restore_defaults" time="0.264" /><testcase classname="backend.tests.test_rich_business_info.TestSettingsHtmlPersistence" name="test_put_get_html_business_info" time="0.746" /><testcase classname="backend.tests.test_rich_business_info.TestSettingsHtmlPersistence" name="test_plain_text_still_works" time="0.297" /><testcase classname="backend.tests.test_rich_business_info.TestShiftReportPdfWithHtml" name="test_open_then_close_shift_with_html_settings_generates_pdf" time="0.657" /><testcase classname="backend.tests.test_rich_business_info.TestRestoreProductionValues" name="test_restore_techzone_defaults" time="0.238" /></testsuite></testsuites>