<?xml version="1.0" encoding="utf-8"?><testsuites name="pytest tests"><testsuite name="pytest" errors="0" failures="0" skipped="0" tests="12" time="5.265" timestamp="2026-04-21T19:16:46.739995+00:00" hostname="agent-env-8e40df1a-c12d-47ab-9173-d1e8d56beb33"><testcase classname="backend.tests.test_p2_features.TestPersonalizedCoupons" name="test_01_create_personalized_coupon_persists_customer" time="0.790" /><testcase classname="backend.tests.test_p2_features.TestPersonalizedCoupons" name="test_02_validate_rejects_without_customer" time="0.109" /><testcase classname="backend.tests.test_p2_features.TestPersonalizedCoupons" name="test_03_validate_rejects_wrong_customer" time="0.137" /><testcase classname="backend.tests.test_p2_features.TestPersonalizedCoupons" name="test_04_validate_accepts_matching_customer" time="0.155" /><testcase classname="backend.tests.test_p2_features.TestPersonalizedCoupons" name="test_05_cleanup" time="0.241" /><testcase classname="backend.tests.test_p2_features.TestAutoSummaryReports" name="test_01_period_range_helper" time="0.744" /><testcase classname="backend.tests.test_p2_features.TestAutoSummaryReports" name="test_02_send_now_requires_recipient" time="0.275" /><testcase classname="backend.tests.test_p2_features.TestAutoSummaryReports" name="test_03_send_now_weekly" time="1.210" /><testcase classname="backend.tests.test_p2_features.TestAutoSummaryReports" name="test_04_send_now_monthly" time="1.112" /><testcase classname="backend.tests.test_p2_features.TestAutoSummaryReports" name="test_05_send_now_invalid_period" time="0.118" /><testcase classname="backend.tests.test_p2_features.TestAutoSummaryReports" name="test_06_settings_persists_auto_summary_flags" time="0.129" /><testcase classname="backend.tests.test_p2_features.TestAutoSummaryReports" name="test_07_cleanup" time="0.155" /></testsuite></testsuites>