<?xml version="1.0" encoding="utf-8"?><testsuites name="pytest tests"><testsuite name="pytest" errors="0" failures="0" skipped="0" tests="15" time="15.414" timestamp="2026-03-28T19:52:02.659052+00:00" hostname="agent-env-8e40df1a-c12d-47ab-9173-d1e8d56beb33"><testcase classname="backend.tests.test_cash_register.TestCashRegisterAPI" name="test_get_current_shift_no_shift" time="0.622" /><testcase classname="backend.tests.test_cash_register.TestCashRegisterAPI" name="test_open_shift" time="0.782" /><testcase classname="backend.tests.test_cash_register.TestCashRegisterAPI" name="test_cannot_open_duplicate_shift" time="0.793" /><testcase classname="backend.tests.test_cash_register.TestCashRegisterAPI" name="test_add_payout_transaction" time="0.792" /><testcase classname="backend.tests.test_cash_register.TestCashRegisterAPI" name="test_add_drop_transaction" time="0.785" /><testcase classname="backend.tests.test_cash_register.TestCashRegisterAPI" name="test_add_refund_transaction" time="5.024" /><testcase classname="backend.tests.test_cash_register.TestCashRegisterAPI" name="test_invalid_transaction_type" time="0.812" /><testcase classname="backend.tests.test_cash_register.TestCashRegisterAPI" name="test_transaction_without_open_shift" time="0.571" /><testcase classname="backend.tests.test_cash_register.TestCashRegisterAPI" name="test_close_shift_with_difference" time="0.869" /><testcase classname="backend.tests.test_cash_register.TestCashRegisterAPI" name="test_close_shift_short" time="0.716" /><testcase classname="backend.tests.test_cash_register.TestCashRegisterAPI" name="test_close_shift_balanced" time="0.692" /><testcase classname="backend.tests.test_cash_register.TestCashRegisterAPI" name="test_close_shift_without_open_shift" time="0.560" /><testcase classname="backend.tests.test_cash_register.TestCashRegisterAPI" name="test_get_shift_history" time="0.612" /><testcase classname="backend.tests.test_cash_register.TestCashRegisterAPI" name="test_current_shift_totals" time="1.152" /><testcase classname="backend.tests.test_cash_register.TestCashRegisterAPI" name="test_unauthorized_access" time="0.576" /></testsuite></testsuites>