<?xml version="1.0" encoding="utf-8"?><testsuites name="pytest tests"><testsuite name="pytest" errors="0" failures="0" skipped="0" tests="4" time="3.495" timestamp="2026-04-21T17:46:19.976601+00:00" hostname="agent-env-8e40df1a-c12d-47ab-9173-d1e8d56beb33"><testcase classname="backend.tests.test_rich_business_info.TestSettingsHtmlPersistence" name="test_put_get_html_business_info" time="0.839" /><testcase classname="backend.tests.test_rich_business_info.TestSettingsHtmlPersistence" name="test_plain_text_still_works" time="0.248" /><testcase classname="backend.tests.test_rich_business_info.TestShiftReportPdfWithHtml" name="test_open_then_close_shift_with_html_settings_generates_pdf" time="2.109" /><testcase classname="backend.tests.test_rich_business_info.TestRestoreProductionValues" name="test_restore_techzone_defaults" time="0.247" /></testsuite></testsuites>