<?xml version="1.0" encoding="utf-8"?><testsuites name="pytest tests"><testsuite name="pytest" errors="0" failures="2" skipped="0" tests="14" time="2.351" timestamp="2026-02-18T21:21:48.919079+00:00" hostname="agent-env-8e40df1a-c12d-47ab-9173-d1e8d56beb33"><testcase classname="backend.tests.test_activation.TestActivationSystem" name="test_01_request_activation_code" time="0.175" /><testcase classname="backend.tests.test_activation.TestActivationSystem" name="test_02_check_device_not_activated" time="0.141" /><testcase classname="backend.tests.test_activation.TestActivationSystem" name="test_03_activate_device_invalid_code" time="0.137" /><testcase classname="backend.tests.test_activation.TestActivationSystem" name="test_04_activate_device_valid_code" time="0.176" /><testcase classname="backend.tests.test_activation.TestActivationSystem" name="test_05_check_device_activated" time="0.122" /><testcase classname="backend.tests.test_activation.TestActivationSystem" name="test_06_code_cannot_be_reused" time="0.198" /><testcase classname="backend.tests.test_activation.TestActivationSystem" name="test_07_already_activated_device_response" time="0.213" /><testcase classname="backend.tests.test_activation.TestActivationCodeExpiry" name="test_expiry_info_in_message" time="0.159"><failure message="AssertionError: Expected '12 hours' mention in message: Activation code generated (email service unavailable). Code: 022430&#10;assert ('12' in 'Activation code generated (email service unavailable). Code: 022430' or 'hour' in 'activation code generated (email service unavailable). code: 022430')&#10; +  where 'activation code generated (email service unavailable). code: 022430' = &lt;built-in method lower of str object at 0xf89f6d1197b0&gt;()&#10; +    where &lt;built-in method lower of str object at 0xf89f6d1197b0&gt; = 'Activation code generated (email service unavailable). Code: 022430'.lower">backend/tests/test_activation.py:178: in test_expiry_info_in_message
    assert "12" in message or "hour" in message.lower(), f"Expected '12 hours' mention in message: {message}"
E   AssertionError: Expected '12 hours' mention in message: Activation code generated (email service unavailable). Code: 022430
E   assert ('12' in 'Activation code generated (email service unavailable). Code: 022430' or 'hour' in 'activation code generated (email service unavailable). code: 022430')
E    +  where 'activation code generated (email service unavailable). code: 022430' = &lt;built-in method lower of str object at 0xf89f6d1197b0&gt;()
E    +    where &lt;built-in method lower of str object at 0xf89f6d1197b0&gt; = 'Activation code generated (email service unavailable). Code: 022430'.lower</failure></testcase><testcase classname="backend.tests.test_activation.TestActivationInputValidation" name="test_empty_email" time="0.155"><failure message="AssertionError: Expected validation error, got 200&#10;assert 200 in [400, 422]&#10; +  where 200 = &lt;Response [200]&gt;.status_code">backend/tests/test_activation.py:191: in test_empty_email
    assert response.status_code in [400, 422], f"Expected validation error, got {response.status_code}"
E   AssertionError: Expected validation error, got 200
E   assert 200 in [400, 422]
E    +  where 200 = &lt;Response [200]&gt;.status_code</failure></testcase><testcase classname="backend.tests.test_activation.TestActivationInputValidation" name="test_empty_device_id_check" time="0.147" /><testcase classname="backend.tests.test_activation.TestActivationInputValidation" name="test_empty_code_activate" time="0.159" /><testcase classname="backend.tests.test_activation.TestActivationEndpointsSecurity" name="test_request_code_no_auth" time="0.110" /><testcase classname="backend.tests.test_activation.TestActivationEndpointsSecurity" name="test_check_no_auth" time="0.133" /><testcase classname="backend.tests.test_activation.TestActivationEndpointsSecurity" name="test_activate_no_auth" time="0.244" /></testsuite></testsuites>