<?xml version="1.0" encoding="utf-8"?><testsuites name="pytest tests"><testsuite name="pytest" errors="0" failures="0" skipped="0" tests="25" time="9.557" timestamp="2026-04-21T18:46:38.276764+00:00" hostname="agent-env-8e40df1a-c12d-47ab-9173-d1e8d56beb33"><testcase classname="backend.tests.test_refactor_regression.TestAuth" name="test_login_returns_token" time="0.445" /><testcase classname="backend.tests.test_refactor_regression.TestAuth" name="test_login_invalid" time="0.361" /><testcase classname="backend.tests.test_refactor_regression.TestAuth" name="test_me_with_bearer" time="0.465" /><testcase classname="backend.tests.test_refactor_regression.TestAuth" name="test_me_without_bearer_rejected" time="0.115" /><testcase classname="backend.tests.test_refactor_regression.TestCustomers" name="test_crud_cycle" time="0.604" /><testcase classname="backend.tests.test_refactor_regression.TestInventory" name="test_crud_cycle" time="0.550" /><testcase classname="backend.tests.test_refactor_regression.TestRepairs" name="test_list_and_create" time="0.559" /><testcase classname="backend.tests.test_refactor_regression.TestCoupons" name="test_list_and_create_and_delete" time="0.340" /><testcase classname="backend.tests.test_refactor_regression.TestSales" name="test_list" time="0.143" /><testcase classname="backend.tests.test_refactor_regression.TestUsers" name="test_list_users_admin" time="0.114" /><testcase classname="backend.tests.test_refactor_regression.TestSettings" name="test_get_settings" time="0.114" /><testcase classname="backend.tests.test_refactor_regression.TestSettings" name="test_put_html_persistence" time="0.349" /><testcase classname="backend.tests.test_refactor_regression.TestActivation" name="test_check_public_no_auth" time="0.114" /><testcase classname="backend.tests.test_refactor_regression.TestActivation" name="test_check_unknown_device" time="0.119" /><testcase classname="backend.tests.test_refactor_regression.TestActivation" name="test_request_code_public" time="0.871" /><testcase classname="backend.tests.test_refactor_regression.TestActivation" name="test_list_admin" time="0.140" /><testcase classname="backend.tests.test_refactor_regression.TestActivation" name="test_revoke_admin_404_for_unknown" time="0.120" /><testcase classname="backend.tests.test_refactor_regression.TestCashRegister" name="test_full_flow_and_pdf" time="2.834" /><testcase classname="backend.tests.test_refactor_regression.TestReports" name="test_dashboard_stats" time="0.115" /><testcase classname="backend.tests.test_refactor_regression.TestReports" name="test_daily_sales" time="0.133" /><testcase classname="backend.tests.test_refactor_regression.TestReports" name="test_coupon_analytics" time="0.130" /><testcase classname="backend.tests.test_refactor_regression.TestReports" name="test_tax_summary" time="0.140" /><testcase classname="backend.tests.test_refactor_regression.TestReports" name="test_tax_summary_pdf" time="0.138" /><testcase classname="backend.tests.test_refactor_regression.TestLogoUpload" name="test_upload_and_serve" time="0.218" /><testcase classname="backend.tests.test_refactor_regression.TestZZRestore" name="test_restore_defaults" time="0.239" /></testsuite></testsuites>